NL-08014: Message 8014 not found; No message file for product=NETWORK, facility=NL	   []
 NL-08015: Message 8015 not found; No message file for product=NETWORK, facility=NL
  ORA-48165: Message 48165 not found; No message file for product=RDBMS, facility=ORA
User inputted base directory is invalid [48187] [E:\app\Administrator]

NL-08014: Message 8014 not found; No message file for product=NETWORK, facility=NL	   []
 NL-08015: Message 8015 not found; No message file for product=NETWORK, facility=NL
  ORA-48165: Message 48165 not found; No message file for product=RDBMS, facility=ORA
User inputted base directory is invalid [48187] [E:\app\Administrator]

NL-08014: Message 8014 not found; No message file for product=NETWORK, facility=NL	   []
 NL-08015: Message 8015 not found; No message file for product=NETWORK, facility=NL
  ORA-48165: Message 48165 not found; No message file for product=RDBMS, facility=ORA
User inputted base directory is invalid [48187] [E:\app\Administrator]



***********************************************************************
Fatal NI connect error 12170.

  VERSION INFORMATION:
	TNS for 32-bit Windows: Version 11.2.0.3.0 - Production
	Windows NT TCP/IP NT Protocol Adapter for 32-bit Windows: Version 11.2.0.3.0 - Production
  Time: 22-2ÔÂ -2019 10:52:06
  Tracing not turned on.
  Tns error struct:
    ns main err code: 12535
    TNS-12535: Message 12535 not found; No message file for product=NETWORK, facility=TNS
    ns secondary err code: 12560
    nt main err code: 505
    TNS-00505: Message 505 not found; No message file for product=NETWORK, facility=TNS
    nt secondary err code: 60
    nt OS err code: 0
  Client address: <unknown>
NL-08014: Message 8014 not found; No message file for product=NETWORK, facility=NL	   []
 NL-08015: Message 8015 not found; No message file for product=NETWORK, facility=NL
  ORA-48165: Message 48165 not found; No message file for product=RDBMS, facility=ORA
User inputted base directory is invalid [48187] [E:\app\Administrator]

NL-08014: Message 8014 not found; No message file for product=NETWORK, facility=NL	   []
 NL-08015: Message 8015 not found; No message file for product=NETWORK, facility=NL
  ORA-48165: Message 48165 not found; No message file for product=RDBMS, facility=ORA
User inputted base directory is invalid [48187] [E:\app\Administrator]

NL-08014: Message 8014 not found; No message file for product=NETWORK, facility=NL	   []
 NL-08015: Message 8015 not found; No message file for product=NETWORK, facility=NL
  ORA-48165: Message 48165 not found; No message file for product=RDBMS, facility=ORA
User inputted base directory is invalid [48187] [E:\app\Administrator]

NL-08014: Message 8014 not found; No message file for product=NETWORK, facility=NL	   []
 NL-08015: Message 8015 not found; No message file for product=NETWORK, facility=NL
  ORA-48165: Message 48165 not found; No message file for product=RDBMS, facility=ORA
User inputted base directory is invalid [48187] [E:\app\Administrator]

NL-08014: Message 8014 not found; No message file for product=NETWORK, facility=NL	   []
 NL-08015: Message 8015 not found; No message file for product=NETWORK, facility=NL
  ORA-48165: Message 48165 not found; No message file for product=RDBMS, facility=ORA
User inputted base directory is invalid [48187] [E:\app\Administrator]

NL-08014: Message 8014 not found; No message file for product=NETWORK, facility=NL	   []
 NL-08015: Message 8015 not found; No message file for product=NETWORK, facility=NL
  ORA-48165: Message 48165 not found; No message file for product=RDBMS, facility=ORA
User inputted base directory is invalid [48187] [E:\app\Administrator]

NL-08014: Message 8014 not found; No message file for product=NETWORK, facility=NL	   []
 NL-08015: Message 8015 not found; No message file for product=NETWORK, facility=NL
  ORA-48165: Message 48165 not found; No message file for product=RDBMS, facility=ORA
User inputted base directory is invalid [48187] [E:\app\Administrator]

NL-08014: Message 8014 not found; No message file for product=NETWORK, facility=NL	   []
 NL-08015: Message 8015 not found; No message file for product=NETWORK, facility=NL
  ORA-48165: Message 48165 not found; No message file for product=RDBMS, facility=ORA
User inputted base directory is invalid [48187] [E:\app\Administrator]

NL-08014: Message 8014 not found; No message file for product=NETWORK, facility=NL	   []
 NL-08015: Message 8015 not found; No message file for product=NETWORK, facility=NL
  ORA-48165: Message 48165 not found; No message file for product=RDBMS, facility=ORA
User inputted base directory is invalid [48187] [E:\app\Administrator]

NL-08014: Message 8014 not found; No message file for product=NETWORK, facility=NL	   []
 NL-08015: Message 8015 not found; No message file for product=NETWORK, facility=NL
  ORA-48165: Message 48165 not found; No message file for product=RDBMS, facility=ORA
User inputted base directory is invalid [48187] [E:\app\Administrator]

NL-08014: Message 8014 not found; No message file for product=NETWORK, facility=NL	   []
 NL-08015: Message 8015 not found; No message file for product=NETWORK, facility=NL
  ORA-48165: Message 48165 not found; No message file for product=RDBMS, facility=ORA
User inputted base directory is invalid [48187] [E:\app\Administrator]

NL-08014: Message 8014 not found; No message file for product=NETWORK, facility=NL	   []
 NL-08015: Message 8015 not found; No message file for product=NETWORK, facility=NL
  ORA-48165: Message 48165 not found; No message file for product=RDBMS, facility=ORA
User inputted base directory is invalid [48187] [E:\app\Administrator]

NL-08014: Message 8014 not found; No message file for product=NETWORK, facility=NL	   []
 NL-08015: Message 8015 not found; No message file for product=NETWORK, facility=NL
  ORA-48165: Message 48165 not found; No message file for product=RDBMS, facility=ORA
User inputted base directory is invalid [48187] [E:\app\Administrator]

NL-08014: Message 8014 not found; No message file for product=NETWORK, facility=NL	   []
 NL-08015: Message 8015 not found; No message file for product=NETWORK, facility=NL
  ORA-48165: Message 48165 not found; No message file for product=RDBMS, facility=ORA
User inputted base directory is invalid [48187] [E:\app\Administrator]

NL-08014: Message 8014 not found; No message file for product=NETWORK, facility=NL	   []
 NL-08015: Message 8015 not found; No message file for product=NETWORK, facility=NL
  ORA-48165: Message 48165 not found; No message file for product=RDBMS, facility=ORA
User inputted base directory is invalid [48187] [E:\app\Administrator]

NL-08014: Message 8014 not found; No message file for product=NETWORK, facility=NL	   []
 NL-08015: Message 8015 not found; No message file for product=NETWORK, facility=NL
  ORA-48165: Message 48165 not found; No message file for product=RDBMS, facility=ORA
User inputted base directory is invalid [48187] [E:\app\Administrator]



***********************************************************************
Fatal NI connect error 12170.

  VERSION INFORMATION:
	TNS for 32-bit Windows: Version 11.2.0.3.0 - Production
	Windows NT TCP/IP NT Protocol Adapter for 32-bit Windows: Version 11.2.0.3.0 - Production
  Time: 22-2ÔÂ -2019 16:09:52
  Tracing not turned on.
  Tns error struct:
    ns main err code: 12535
    TNS-12535: Message 12535 not found; No message file for product=NETWORK, facility=TNS
    ns secondary err code: 12560
    nt main err code: 505
    TNS-00505: Message 505 not found; No message file for product=NETWORK, facility=TNS
    nt secondary err code: 60
    nt OS err code: 0
  Client address: (ADDRESS=(PROTOCOL=tcp)(HOST=192.168.50.6)(PORT=1521))
NL-08014: Message 8014 not found; No message file for product=NETWORK, facility=NL	   []
 NL-08015: Message 8015 not found; No message file for product=NETWORK, facility=NL
  ORA-48165: Message 48165 not found; No message file for product=RDBMS, facility=ORA
User inputted base directory is invalid [48187] [E:\app\Administrator]

NL-08014: Message 8014 not found; No message file for product=NETWORK, facility=NL	   []
 NL-08015: Message 8015 not found; No message file for product=NETWORK, facility=NL
  ORA-48165: Message 48165 not found; No message file for product=RDBMS, facility=ORA
User inputted base directory is invalid [48187] [E:\app\Administrator]

NL-08014: Message 8014 not found; No message file for product=NETWORK, facility=NL	   []
 NL-08015: Message 8015 not found; No message file for product=NETWORK, facility=NL
  ORA-48165: Message 48165 not found; No message file for product=RDBMS, facility=ORA
User inputted base directory is invalid [48187] [E:\app\Administrator]



***********************************************************************
Fatal NI connect error 12170.

  VERSION INFORMATION:
	TNS for 32-bit Windows: Version 11.2.0.3.0 - Production
	Windows NT TCP/IP NT Protocol Adapter for 32-bit Windows: Version 11.2.0.3.0 - Production
  Time: 25-2ÔÂ -2019 15:11:18
  Tracing not turned on.
  Tns error struct:
    ns main err code: 12535
    TNS-12535: Message 12535 not found; No message file for product=NETWORK, facility=TNS
    ns secondary err code: 12560
    nt main err code: 505
    TNS-00505: Message 505 not found; No message file for product=NETWORK, facility=TNS
    nt secondary err code: 60
    nt OS err code: 0
  Client address: <unknown>
NL-08014: Message 8014 not found; No message file for product=NETWORK, facility=NL	   []
 NL-08015: Message 8015 not found; No message file for product=NETWORK, facility=NL
  ORA-48165: Message 48165 not found; No message file for product=RDBMS, facility=ORA
User inputted base directory is invalid [48187] [E:\app\Administrator]

NL-08014: Message 8014 not found; No message file for product=NETWORK, facility=NL	   []
 NL-08015: Message 8015 not found; No message file for product=NETWORK, facility=NL
  ORA-48165: Message 48165 not found; No message file for product=RDBMS, facility=ORA
User inputted base directory is invalid [48187] [E:\app\Administrator]

NL-08014: Message 8014 not found; No message file for product=NETWORK, facility=NL	   []
 NL-08015: Message 8015 not found; No message file for product=NETWORK, facility=NL
  ORA-48165: Message 48165 not found; No message file for product=RDBMS, facility=ORA
User inputted base directory is invalid [48187] [E:\app\Administrator]

NL-08014: Message 8014 not found; No message file for product=NETWORK, facility=NL	   []
 NL-08015: Message 8015 not found; No message file for product=NETWORK, facility=NL
  ORA-48165: Message 48165 not found; No message file for product=RDBMS, facility=ORA
User inputted base directory is invalid [48187] [E:\app\Administrator]

NL-08014: Message 8014 not found; No message file for product=NETWORK, facility=NL	   []
 NL-08015: Message 8015 not found; No message file for product=NETWORK, facility=NL
  ORA-48165: Message 48165 not found; No message file for product=RDBMS, facility=ORA
User inputted base directory is invalid [48187] [E:\app\Administrator]

NL-08014: Message 8014 not found; No message file for product=NETWORK, facility=NL	   []
 NL-08015: Message 8015 not found; No message file for product=NETWORK, facility=NL
  ORA-48165: Message 48165 not found; No message file for product=RDBMS, facility=ORA
User inputted base directory is invalid [48187] [E:\app\Administrator]

NL-08014: Message 8014 not found; No message file for product=NETWORK, facility=NL	   []
 NL-08015: Message 8015 not found; No message file for product=NETWORK, facility=NL
  ORA-48165: Message 48165 not found; No message file for product=RDBMS, facility=ORA
User inputted base directory is invalid [48187] [E:\app\Administrator]

NL-08014: Message 8014 not found; No message file for product=NETWORK, facility=NL	   []
 NL-08015: Message 8015 not found; No message file for product=NETWORK, facility=NL
  ORA-48165: Message 48165 not found; No message file for product=RDBMS, facility=ORA
User inputted base directory is invalid [48187] [E:\app\Administrator]

NL-08014: Message 8014 not found; No message file for product=NETWORK, facility=NL	   []
 NL-08015: Message 8015 not found; No message file for product=NETWORK, facility=NL
  ORA-48165: Message 48165 not found; No message file for product=RDBMS, facility=ORA
User inputted base directory is invalid [48187] [E:\app\Administrator]

NL-08014: Message 8014 not found; No message file for product=NETWORK, facility=NL	   []
 NL-08015: Message 8015 not found; No message file for product=NETWORK, facility=NL
  ORA-48165: Message 48165 not found; No message file for product=RDBMS, facility=ORA
User inputted base directory is invalid [48187] [E:\app\Administrator]

NL-08014: Message 8014 not found; No message file for product=NETWORK, facility=NL	   []
 NL-08015: Message 8015 not found; No message file for product=NETWORK, facility=NL
  ORA-48165: Message 48165 not found; No message file for product=RDBMS, facility=ORA
User inputted base directory is invalid [48187] [E:\app\Administrator]

